<?xml version="1.0" encoding="UTF-8"?>
<testng-results ignored="0" total="1" passed="1" failed="0" skipped="0">
  <reporter-output>
  </reporter-output>
  <suite started-at="2021-12-14T12:11:54 IST" name="Suite" finished-at="2021-12-14T12:12:03 IST" duration-ms="9662">
    <groups>
    </groups>
    <test started-at="2021-12-14T12:11:54 IST" name="Test" finished-at="2021-12-14T12:12:03 IST" duration-ms="9662">
      <class name="com.cucumber.runner.RunTestNGTest">
        <test-method is-config="true" signature="Start()[pri:0, instance:com.cucumber.runner.RunTestNGTest@366c4480]" started-at="2021-12-14T12:11:53 IST" name="Start" finished-at="2021-12-14T12:11:54 IST" duration-ms="968" status="PASS">
          <reporter-output>
          </reporter-output>
        </test-method> <!-- Start -->
        <test-method signature="FeatureTest1(java.lang.String,java.lang.String)[pri:0, instance:com.cucumber.runner.RunTestNGTest@366c4480]" started-at="2021-12-14T12:11:54 IST" name="FeatureTest1" data-provider="FeatureSet1" finished-at="2021-12-14T12:12:03 IST" duration-ms="8996" status="PASS">
          <params>
            <param index="0">
              <value>
                <![CDATA[src//test//java//features//Login.feature]]>
              </value>
            </param>
            <param index="1">
              <value>
                <![CDATA[@Login]]>
              </value>
            </param>
          </params>
          <reporter-output>
          </reporter-output>
        </test-method> <!-- FeatureTest1 -->
        <test-method is-config="true" signature="tearup()[pri:0, instance:com.cucumber.runner.RunTestNGTest@366c4480]" started-at="2021-12-14T12:12:03 IST" name="tearup" finished-at="2021-12-14T12:12:03 IST" duration-ms="179" status="PASS">
          <reporter-output>
          </reporter-output>
        </test-method> <!-- tearup -->
      </class> <!-- com.cucumber.runner.RunTestNGTest -->
    </test> <!-- Test -->
  </suite> <!-- Suite -->
</testng-results>
